#
# There is insufficient memory for the Java Runtime Environment to continue.
# Native memory allocation (mmap) failed to map 65536 bytes. Error detail: Failed to commit metaspace.
# Possible reasons:
#   The system is out of physical RAM or swap space
#   This process is running with CompressedOops enabled, and the Java Heap may be blocking the growth of the native heap
# Possible solutions:
#   Reduce memory load on the system
#   Increase physical memory or swap space
#   Check if swap backing store is full
#   Decrease Java heap size (-Xmx/-Xms)
#   Decrease number of Java threads
#   Decrease Java thread stack sizes (-Xss)
#   Set larger code cache with -XX:ReservedCodeCacheSize=
#   JVM is running with Zero Based Compressed Oops mode in which the Java heap is
#     placed in the first 32GB address space. The Java Heap base address is the
#     maximum limit for the native heap growth. Please use -XX:HeapBaseMinAddress
#     to set the Java Heap base and to place the Java Heap above 32GB virtual address.
# This output file may be truncated or incomplete.
#
#  Out of Memory Error (virtualSpaceNode.cpp:113), pid=10916, tid=6544
#
# JRE version: OpenJDK Runtime Environment JBR-21.0.4+13-509.26-jcef (21.0.4+13) (build 21.0.4+13-b509.26)
# Java VM: OpenJDK 64-Bit Server VM JBR-21.0.4+13-509.26-jcef (21.0.4+13-b509.26, mixed mode, tiered, compressed oops, compressed class ptrs, g1 gc, windows-amd64)
# No core dump will be written. Minidumps are not enabled by default on client versions of Windows
#

---------------  S U M M A R Y ------------

Command Line: git4idea.http.GitAskPassApp Username for 'https://github.com': 

Host: Intel(R) Core(TM) i3-8100 CPU @ 3.60GHz, 4 cores, 15G,  Windows 10 , 64 bit Build 19041 (10.0.19041.5678)
Time: Thu Apr  3 15:10:06 2025 RTZ 3 (s 10 , 64 bit Build 19041 (10.0.19041.5678) elapsed time: 0.174383 seconds (0d 0h 0m 0s)

---------------  T H R E A D  ---------------

Current thread (0x00000243e56aea30):  JavaThread "C1 CompilerThread0" daemon [_thread_in_vm, id=6544, stack(0x0000009e86700000,0x0000009e86800000) (1024K)]


Current CompileTask:
C1:    174  200       3       java.util.concurrent.locks.ReentrantLock::lock (8 bytes)

Stack: [0x0000009e86700000,0x0000009e86800000]
Native frames: (J=compiled Java code, j=interpreted, Vv=VM code, C=native code)
V  [jvm.dll+0x6e3739]
V  [jvm.dll+0x8c0c33]
V  [jvm.dll+0x8c318e]
V  [jvm.dll+0x8c3873]
V  [jvm.dll+0x288256]
V  [jvm.dll+0x8bba7e]
V  [jvm.dll+0x684bf5]
V  [jvm.dll+0x684c5a]
V  [jvm.dll+0x687476]
V  [jvm.dll+0x687342]
V  [jvm.dll+0x6855ae]
V  [jvm.dll+0x696bca]
V  [jvm.dll+0x68fb52]
V  [jvm.dll+0x1f8810]
V  [jvm.dll+0x1f89f8]
V  [jvm.dll+0x169b06]
V  [jvm.dll+0x169956]
V  [jvm.dll+0x160ef9]
V  [jvm.dll+0x163491]
V  [jvm.dll+0x161794]
V  [jvm.dll+0x15b2a0]
V  [jvm.dll+0x16b6a6]
V  [jvm.dll+0x156680]
V  [jvm.dll+0x156a03]
V  [jvm.dll+0x156cc6]
V  [jvm.dll+0x15603f]
V  [jvm.dll+0x157e61]
V  [jvm.dll+0x25e88c]
V  [jvm.dll+0x25cdd6]
V  [jvm.dll+0x3fe076]
V  [jvm.dll+0x8688c8]
V  [jvm.dll+0x6e1f3d]
C  [ucrtbase.dll+0x21bb2]
C  [KERNEL32.DLL+0x17374]
C  [ntdll.dll+0x4cc91]


---------------  P R O C E S S  ---------------

Threads class SMR info:
_java_thread_list=0x00000243e58377d0, length=11, elements={
0x00000243cb1698e0, 0x00000243e5654540, 0x00000243e5655b10, 0x00000243e5690fa0,
0x00000243e5691a00, 0x00000243e56b7620, 0x00000243e568a390, 0x00000243e568b4d0,
0x00000243e56aea30, 0x00000243e5851b60, 0x00000243e5869930
}

Java Threads: ( => current thread )
  0x00000243cb1698e0 JavaThread "main"                              [_thread_in_vm, id=16304, stack(0x0000009e85800000,0x0000009e85900000) (1024K)]
  0x00000243e5654540 JavaThread "Reference Handler"          daemon [_thread_blocked, id=16788, stack(0x0000009e86000000,0x0000009e86100000) (1024K)]
  0x00000243e5655b10 JavaThread "Finalizer"                  daemon [_thread_blocked, id=11472, stack(0x0000009e86100000,0x0000009e86200000) (1024K)]
  0x00000243e5690fa0 JavaThread "Signal Dispatcher"          daemon [_thread_blocked, id=14508, stack(0x0000009e86200000,0x0000009e86300000) (1024K)]
  0x00000243e5691a00 JavaThread "Attach Listener"            daemon [_thread_blocked, id=13776, stack(0x0000009e86300000,0x0000009e86400000) (1024K)]
  0x00000243e56b7620 JavaThread "Service Thread"             daemon [_thread_blocked, id=7028, stack(0x0000009e86400000,0x0000009e86500000) (1024K)]
  0x00000243e568a390 JavaThread "Monitor Deflation Thread"   daemon [_thread_blocked, id=13836, stack(0x0000009e86500000,0x0000009e86600000) (1024K)]
  0x00000243e568b4d0 JavaThread "C2 CompilerThread0"         daemon [_thread_blocked, id=8068, stack(0x0000009e86600000,0x0000009e86700000) (1024K)]
=>0x00000243e56aea30 JavaThread "C1 CompilerThread0"         daemon [_thread_in_vm, id=6544, stack(0x0000009e86700000,0x0000009e86800000) (1024K)]
  0x00000243e5851b60 JavaThread "Notification Thread"        daemon [_thread_blocked, id=10956, stack(0x0000009e86800000,0x0000009e86900000) (1024K)]
  0x00000243e5869930 JavaThread "Common-Cleaner"             daemon [_thread_blocked, id=6200, stack(0x0000009e86900000,0x0000009e86a00000) (1024K)]
Total: 11

Other Threads:
  0x00000243e54ecf60 VMThread "VM Thread"                           [id=14136, stack(0x0000009e85f00000,0x0000009e86000000) (1024K)]
  0x00000243e5466b70 WatcherThread "VM Periodic Task Thread"        [id=3764, stack(0x0000009e85e00000,0x0000009e85f00000) (1024K)]
  0x00000243c8f96b20 WorkerThread "GC Thread#0"                     [id=10448, stack(0x0000009e85900000,0x0000009e85a00000) (1024K)]
  0x00000243cb1dd8c0 ConcurrentGCThread "G1 Main Marker"            [id=14168, stack(0x0000009e85a00000,0x0000009e85b00000) (1024K)]
  0x00000243cb1de2d0 WorkerThread "G1 Conc#0"                       [id=16852, stack(0x0000009e85b00000,0x0000009e85c00000) (1024K)]
  0x00000243e533e530 ConcurrentGCThread "G1 Refine#0"               [id=14712, stack(0x0000009e85c00000,0x0000009e85d00000) (1024K)]
  0x00000243e533eeb0 ConcurrentGCThread "G1 Service"                [id=6104, stack(0x0000009e85d00000,0x0000009e85e00000) (1024K)]
Total: 7

Threads with active compile tasks:
C1 CompilerThread0      205  200       3       java.util.concurrent.locks.ReentrantLock::lock (8 bytes)
Total: 1

VM state: not at safepoint (normal execution)

VM Mutex/Monitor currently owned by a thread:  ([mutex/lock_event])
[0x00007ffe6a784748] Metaspace_lock - owner thread: 0x00000243e56aea30

OutOfMemory and StackOverflow Exception counts:
OutOfMemoryError java_heap_errors=1
LinkageErrors=3

Heap address: 0x0000000702600000, size: 4058 MB, Compressed Oops mode: Zero based, Oop shift amount: 3

CDS archive(s) not mapped
Compressed class space mapped at: 0x0000000800000000-0x0000000840000000, reserved size: 1073741824
Narrow klass base: 0x0000000800000000, Narrow klass shift: 0, Narrow klass range: 0x40000000

GC Precious Log:
 CardTable entry size: 512
 Card Set container configuration: InlinePtr #cards 4 size 8 Array Of Cards #cards 16 size 48 Howl #buckets 8 coarsen threshold 3686 Howl Bitmap #cards 512 size 80 coarsen threshold 460 Card regions per heap region 1 cards per card region 4096
 CPUs: 4 total, 4 available
 Memory: 16230M
 Large Page Support: Disabled
 NUMA Support: Disabled
 Compressed Oops: Enabled (Zero based)
 Heap Region Size: 2M
 Heap Min Capacity: 8M
 Heap Initial Capacity: 254M
 Heap Max Capacity: 4058M
 Pre-touch: Disabled
 Parallel Workers: 4
 Concurrent Workers: 1
 Concurrent Refinement Workers: 4
 Periodic GC: Disabled

Heap:
 garbage-first heap   total 260096K, used 2048K [0x0000000702600000, 0x0000000800000000)
  region size 2048K, 2 young (4096K), 0 survivors (0K)
 Metaspace       used 7917K, committed 8064K, reserved 1114112K
  class space    used 657K, committed 768K, reserved 1048576K

Heap Regions: E=young(eden), S=young(survivor), O=old, HS=humongous(starts), HC=humongous(continues), CS=collection set, F=free, TAMS=top-at-mark-start, PB=parsable bottom
|   0|0x0000000702600000, 0x0000000702600000, 0x0000000702800000|  0%| F|  |TAMS 0x0000000702600000| PB 0x0000000702600000| Untracked 
|   1|0x0000000702800000, 0x0000000702800000, 0x0000000702a00000|  0%| F|  |TAMS 0x0000000702800000| PB 0x0000000702800000| Untracked 
|   2|0x0000000702a00000, 0x0000000702a00000, 0x0000000702c00000|  0%| F|  |TAMS 0x0000000702a00000| PB 0x0000000702a00000| Untracked 
|   3|0x0000000702c00000, 0x0000000702c00000, 0x0000000702e00000|  0%| F|  |TAMS 0x0000000702c00000| PB 0x0000000702c00000| Untracked 
|   4|0x0000000702e00000, 0x0000000702e00000, 0x0000000703000000|  0%| F|  |TAMS 0x0000000702e00000| PB 0x0000000702e00000| Untracked 
|   5|0x0000000703000000, 0x0000000703000000, 0x0000000703200000|  0%| F|  |TAMS 0x0000000703000000| PB 0x0000000703000000| Untracked 
|   6|0x0000000703200000, 0x0000000703200000, 0x0000000703400000|  0%| F|  |TAMS 0x0000000703200000| PB 0x0000000703200000| Untracked 
|   7|0x0000000703400000, 0x0000000703400000, 0x0000000703600000|  0%| F|  |TAMS 0x0000000703400000| PB 0x0000000703400000| Untracked 
|   8|0x0000000703600000, 0x0000000703600000, 0x0000000703800000|  0%| F|  |TAMS 0x0000000703600000| PB 0x0000000703600000| Untracked 
|   9|0x0000000703800000, 0x0000000703800000, 0x0000000703a00000|  0%| F|  |TAMS 0x0000000703800000| PB 0x0000000703800000| Untracked 
|  10|0x0000000703a00000, 0x0000000703a00000, 0x0000000703c00000|  0%| F|  |TAMS 0x0000000703a00000| PB 0x0000000703a00000| Untracked 
|  11|0x0000000703c00000, 0x0000000703c00000, 0x0000000703e00000|  0%| F|  |TAMS 0x0000000703c00000| PB 0x0000000703c00000| Untracked 
|  12|0x0000000703e00000, 0x0000000703e00000, 0x0000000704000000|  0%| F|  |TAMS 0x0000000703e00000| PB 0x0000000703e00000| Untracked 
|  13|0x0000000704000000, 0x0000000704000000, 0x0000000704200000|  0%| F|  |TAMS 0x0000000704000000| PB 0x0000000704000000| Untracked 
|  14|0x0000000704200000, 0x0000000704200000, 0x0000000704400000|  0%| F|  |TAMS 0x0000000704200000| PB 0x0000000704200000| Untracked 
|  15|0x0000000704400000, 0x0000000704400000, 0x0000000704600000|  0%| F|  |TAMS 0x0000000704400000| PB 0x0000000704400000| Untracked 
|  16|0x0000000704600000, 0x0000000704600000, 0x0000000704800000|  0%| F|  |TAMS 0x0000000704600000| PB 0x0000000704600000| Untracked 
|  17|0x0000000704800000, 0x0000000704800000, 0x0000000704a00000|  0%| F|  |TAMS 0x0000000704800000| PB 0x0000000704800000| Untracked 
|  18|0x0000000704a00000, 0x0000000704a00000, 0x0000000704c00000|  0%| F|  |TAMS 0x0000000704a00000| PB 0x0000000704a00000| Untracked 
|  19|0x0000000704c00000, 0x0000000704c00000, 0x0000000704e00000|  0%| F|  |TAMS 0x0000000704c00000| PB 0x0000000704c00000| Untracked 
|  20|0x0000000704e00000, 0x0000000704e00000, 0x0000000705000000|  0%| F|  |TAMS 0x0000000704e00000| PB 0x0000000704e00000| Untracked 
|  21|0x0000000705000000, 0x0000000705000000, 0x0000000705200000|  0%| F|  |TAMS 0x0000000705000000| PB 0x0000000705000000| Untracked 
|  22|0x0000000705200000, 0x0000000705200000, 0x0000000705400000|  0%| F|  |TAMS 0x0000000705200000| PB 0x0000000705200000| Untracked 
|  23|0x0000000705400000, 0x0000000705400000, 0x0000000705600000|  0%| F|  |TAMS 0x0000000705400000| PB 0x0000000705400000| Untracked 
|  24|0x0000000705600000, 0x0000000705600000, 0x0000000705800000|  0%| F|  |TAMS 0x0000000705600000| PB 0x0000000705600000| Untracked 
|  25|0x0000000705800000, 0x0000000705800000, 0x0000000705a00000|  0%| F|  |TAMS 0x0000000705800000| PB 0x0000000705800000| Untracked 
|  26|0x0000000705a00000, 0x0000000705a00000, 0x0000000705c00000|  0%| F|  |TAMS 0x0000000705a00000| PB 0x0000000705a00000| Untracked 
|  27|0x0000000705c00000, 0x0000000705c00000, 0x0000000705e00000|  0%| F|  |TAMS 0x0000000705c00000| PB 0x0000000705c00000| Untracked 
|  28|0x0000000705e00000, 0x0000000705e00000, 0x0000000706000000|  0%| F|  |TAMS 0x0000000705e00000| PB 0x0000000705e00000| Untracked 
|  29|0x0000000706000000, 0x0000000706000000, 0x0000000706200000|  0%| F|  |TAMS 0x0000000706000000| PB 0x0000000706000000| Untracked 
|  30|0x0000000706200000, 0x0000000706200000, 0x0000000706400000|  0%| F|  |TAMS 0x0000000706200000| PB 0x0000000706200000| Untracked 
|  31|0x0000000706400000, 0x0000000706400000, 0x0000000706600000|  0%| F|  |TAMS 0x0000000706400000| PB 0x0000000706400000| Untracked 
|  32|0x0000000706600000, 0x0000000706600000, 0x0000000706800000|  0%| F|  |TAMS 0x0000000706600000| PB 0x0000000706600000| Untracked 
|  33|0x0000000706800000, 0x0000000706800000, 0x0000000706a00000|  0%| F|  |TAMS 0x0000000706800000| PB 0x0000000706800000| Untracked 
|  34|0x0000000706a00000, 0x0000000706a00000, 0x0000000706c00000|  0%| F|  |TAMS 0x0000000706a00000| PB 0x0000000706a00000| Untracked 
|  35|0x0000000706c00000, 0x0000000706c00000, 0x0000000706e00000|  0%| F|  |TAMS 0x0000000706c00000| PB 0x0000000706c00000| Untracked 
|  36|0x0000000706e00000, 0x0000000706e00000, 0x0000000707000000|  0%| F|  |TAMS 0x0000000706e00000| PB 0x0000000706e00000| Untracked 
|  37|0x0000000707000000, 0x0000000707000000, 0x0000000707200000|  0%| F|  |TAMS 0x0000000707000000| PB 0x0000000707000000| Untracked 
|  38|0x0000000707200000, 0x0000000707200000, 0x0000000707400000|  0%| F|  |TAMS 0x0000000707200000| PB 0x0000000707200000| Untracked 
|  39|0x0000000707400000, 0x0000000707400000, 0x0000000707600000|  0%| F|  |TAMS 0x0000000707400000| PB 0x0000000707400000| Untracked 
|  40|0x0000000707600000, 0x0000000707600000, 0x0000000707800000|  0%| F|  |TAMS 0x0000000707600000| PB 0x0000000707600000| Untracked 
|  41|0x0000000707800000, 0x0000000707800000, 0x0000000707a00000|  0%| F|  |TAMS 0x0000000707800000| PB 0x0000000707800000| Untracked 
|  42|0x0000000707a00000, 0x0000000707a00000, 0x0000000707c00000|  0%| F|  |TAMS 0x0000000707a00000| PB 0x0000000707a00000| Untracked 
|  43|0x0000000707c00000, 0x0000000707c00000, 0x0000000707e00000|  0%| F|  |TAMS 0x0000000707c00000| PB 0x0000000707c00000| Untracked 
|  44|0x0000000707e00000, 0x0000000707e00000, 0x0000000708000000|  0%| F|  |TAMS 0x0000000707e00000| PB 0x0000000707e00000| Untracked 
|  45|0x0000000708000000, 0x0000000708000000, 0x0000000708200000|  0%| F|  |TAMS 0x0000000708000000| PB 0x0000000708000000| Untracked 
|  46|0x0000000708200000, 0x0000000708200000, 0x0000000708400000|  0%| F|  |TAMS 0x0000000708200000| PB 0x0000000708200000| Untracked 
|  47|0x0000000708400000, 0x0000000708400000, 0x0000000708600000|  0%| F|  |TAMS 0x0000000708400000| PB 0x0000000708400000| Untracked 
|  48|0x0000000708600000, 0x0000000708600000, 0x0000000708800000|  0%| F|  |TAMS 0x0000000708600000| PB 0x0000000708600000| Untracked 
|  49|0x0000000708800000, 0x0000000708800000, 0x0000000708a00000|  0%| F|  |TAMS 0x0000000708800000| PB 0x0000000708800000| Untracked 
|  50|0x0000000708a00000, 0x0000000708a00000, 0x0000000708c00000|  0%| F|  |TAMS 0x0000000708a00000| PB 0x0000000708a00000| Untracked 
|  51|0x0000000708c00000, 0x0000000708c00000, 0x0000000708e00000|  0%| F|  |TAMS 0x0000000708c00000| PB 0x0000000708c00000| Untracked 
|  52|0x0000000708e00000, 0x0000000708e00000, 0x0000000709000000|  0%| F|  |TAMS 0x0000000708e00000| PB 0x0000000708e00000| Untracked 
|  53|0x0000000709000000, 0x0000000709000000, 0x0000000709200000|  0%| F|  |TAMS 0x0000000709000000| PB 0x0000000709000000| Untracked 
|  54|0x0000000709200000, 0x0000000709200000, 0x0000000709400000|  0%| F|  |TAMS 0x0000000709200000| PB 0x0000000709200000| Untracked 
|  55|0x0000000709400000, 0x0000000709400000, 0x0000000709600000|  0%| F|  |TAMS 0x0000000709400000| PB 0x0000000709400000| Untracked 
|  56|0x0000000709600000, 0x0000000709600000, 0x0000000709800000|  0%| F|  |TAMS 0x0000000709600000| PB 0x0000000709600000| Untracked 
|  57|0x0000000709800000, 0x0000000709800000, 0x0000000709a00000|  0%| F|  |TAMS 0x0000000709800000| PB 0x0000000709800000| Untracked 
|  58|0x0000000709a00000, 0x0000000709a00000, 0x0000000709c00000|  0%| F|  |TAMS 0x0000000709a00000| PB 0x0000000709a00000| Untracked 
|  59|0x0000000709c00000, 0x0000000709c00000, 0x0000000709e00000|  0%| F|  |TAMS 0x0000000709c00000| PB 0x0000000709c00000| Untracked 
|  60|0x0000000709e00000, 0x0000000709e00000, 0x000000070a000000|  0%| F|  |TAMS 0x0000000709e00000| PB 0x0000000709e00000| Untracked 
|  61|0x000000070a000000, 0x000000070a000000, 0x000000070a200000|  0%| F|  |TAMS 0x000000070a000000| PB 0x000000070a000000| Untracked 
|  62|0x000000070a200000, 0x000000070a200000, 0x000000070a400000|  0%| F|  |TAMS 0x000000070a200000| PB 0x000000070a200000| Untracked 
|  63|0x000000070a400000, 0x000000070a400000, 0x000000070a600000|  0%| F|  |TAMS 0x000000070a400000| PB 0x000000070a400000| Untracked 
|  64|0x000000070a600000, 0x000000070a600000, 0x000000070a800000|  0%| F|  |TAMS 0x000000070a600000| PB 0x000000070a600000| Untracked 
|  65|0x000000070a800000, 0x000000070a800000, 0x000000070aa00000|  0%| F|  |TAMS 0x000000070a800000| PB 0x000000070a800000| Untracked 
|  66|0x000000070aa00000, 0x000000070aa00000, 0x000000070ac00000|  0%| F|  |TAMS 0x000000070aa00000| PB 0x000000070aa00000| Untracked 
|  67|0x000000070ac00000, 0x000000070ac00000, 0x000000070ae00000|  0%| F|  |TAMS 0x000000070ac00000| PB 0x000000070ac00000| Untracked 
|  68|0x000000070ae00000, 0x000000070ae00000, 0x000000070b000000|  0%| F|  |TAMS 0x000000070ae00000| PB 0x000000070ae00000| Untracked 
|  69|0x000000070b000000, 0x000000070b000000, 0x000000070b200000|  0%| F|  |TAMS 0x000000070b000000| PB 0x000000070b000000| Untracked 
|  70|0x000000070b200000, 0x000000070b200000, 0x000000070b400000|  0%| F|  |TAMS 0x000000070b200000| PB 0x000000070b200000| Untracked 
|  71|0x000000070b400000, 0x000000070b400000, 0x000000070b600000|  0%| F|  |TAMS 0x000000070b400000| PB 0x000000070b400000| Untracked 
|  72|0x000000070b600000, 0x000000070b600000, 0x000000070b800000|  0%| F|  |TAMS 0x000000070b600000| PB 0x000000070b600000| Untracked 
|  73|0x000000070b800000, 0x000000070b800000, 0x000000070ba00000|  0%| F|  |TAMS 0x000000070b800000| PB 0x000000070b800000| Untracked 
|  74|0x000000070ba00000, 0x000000070ba00000, 0x000000070bc00000|  0%| F|  |TAMS 0x000000070ba00000| PB 0x000000070ba00000| Untracked 
|  75|0x000000070bc00000, 0x000000070bc00000, 0x000000070be00000|  0%| F|  |TAMS 0x000000070bc00000| PB 0x000000070bc00000| Untracked 
|  76|0x000000070be00000, 0x000000070be00000, 0x000000070c000000|  0%| F|  |TAMS 0x000000070be00000| PB 0x000000070be00000| Untracked 
|  77|0x000000070c000000, 0x000000070c000000, 0x000000070c200000|  0%| F|  |TAMS 0x000000070c000000| PB 0x000000070c000000| Untracked 
|  78|0x000000070c200000, 0x000000070c200000, 0x000000070c400000|  0%| F|  |TAMS 0x000000070c200000| PB 0x000000070c200000| Untracked 
|  79|0x000000070c400000, 0x000000070c400000, 0x000000070c600000|  0%| F|  |TAMS 0x000000070c400000| PB 0x000000070c400000| Untracked 
|  80|0x000000070c600000, 0x000000070c600000, 0x000000070c800000|  0%| F|  |TAMS 0x000000070c600000| PB 0x000000070c600000| Untracked 
|  81|0x000000070c800000, 0x000000070c800000, 0x000000070ca00000|  0%| F|  |TAMS 0x000000070c800000| PB 0x000000070c800000| Untracked 
|  82|0x000000070ca00000, 0x000000070ca00000, 0x000000070cc00000|  0%| F|  |TAMS 0x000000070ca00000| PB 0x000000070ca00000| Untracked 
|  83|0x000000070cc00000, 0x000000070cc00000, 0x000000070ce00000|  0%| F|  |TAMS 0x000000070cc00000| PB 0x000000070cc00000| Untracked 
|  84|0x000000070ce00000, 0x000000070ce00000, 0x000000070d000000|  0%| F|  |TAMS 0x000000070ce00000| PB 0x000000070ce00000| Untracked 
|  85|0x000000070d000000, 0x000000070d000000, 0x000000070d200000|  0%| F|  |TAMS 0x000000070d000000| PB 0x000000070d000000| Untracked 
|  86|0x000000070d200000, 0x000000070d200000, 0x000000070d400000|  0%| F|  |TAMS 0x000000070d200000| PB 0x000000070d200000| Untracked 
|  87|0x000000070d400000, 0x000000070d400000, 0x000000070d600000|  0%| F|  |TAMS 0x000000070d400000| PB 0x000000070d400000| Untracked 
|  88|0x000000070d600000, 0x000000070d600000, 0x000000070d800000|  0%| F|  |TAMS 0x000000070d600000| PB 0x000000070d600000| Untracked 
|  89|0x000000070d800000, 0x000000070d800000, 0x000000070da00000|  0%| F|  |TAMS 0x000000070d800000| PB 0x000000070d800000| Untracked 
|  90|0x000000070da00000, 0x000000070da00000, 0x000000070dc00000|  0%| F|  |TAMS 0x000000070da00000| PB 0x000000070da00000| Untracked 
|  91|0x000000070dc00000, 0x000000070dc00000, 0x000000070de00000|  0%| F|  |TAMS 0x000000070dc00000| PB 0x000000070dc00000| Untracked 
|  92|0x000000070de00000, 0x000000070de00000, 0x000000070e000000|  0%| F|  |TAMS 0x000000070de00000| PB 0x000000070de00000| Untracked 
|  93|0x000000070e000000, 0x000000070e000000, 0x000000070e200000|  0%| F|  |TAMS 0x000000070e000000| PB 0x000000070e000000| Untracked 
|  94|0x000000070e200000, 0x000000070e200000, 0x000000070e400000|  0%| F|  |TAMS 0x000000070e200000| PB 0x000000070e200000| Untracked 
|  95|0x000000070e400000, 0x000000070e400000, 0x000000070e600000|  0%| F|  |TAMS 0x000000070e400000| PB 0x000000070e400000| Untracked 
|  96|0x000000070e600000, 0x000000070e600000, 0x000000070e800000|  0%| F|  |TAMS 0x000000070e600000| PB 0x000000070e600000| Untracked 
|  97|0x000000070e800000, 0x000000070e800000, 0x000000070ea00000|  0%| F|  |TAMS 0x000000070e800000| PB 0x000000070e800000| Untracked 
|  98|0x000000070ea00000, 0x000000070ea00000, 0x000000070ec00000|  0%| F|  |TAMS 0x000000070ea00000| PB 0x000000070ea00000| Untracked 
|  99|0x000000070ec00000, 0x000000070ec00000, 0x000000070ee00000|  0%| F|  |TAMS 0x000000070ec00000| PB 0x000000070ec00000| Untracked 
| 100|0x000000070ee00000, 0x000000070ee00000, 0x000000070f000000|  0%| F|  |TAMS 0x000000070ee00000| PB 0x000000070ee00000| Untracked 
| 101|0x000000070f000000, 0x000000070f000000, 0x000000070f200000|  0%| F|  |TAMS 0x000000070f000000| PB 0x000000070f000000| Untracked 
| 102|0x000000070f200000, 0x000000070f200000, 0x000000070f400000|  0%| F|  |TAMS 0x000000070f200000| PB 0x000000070f200000| Untracked 
| 103|0x000000070f400000, 0x000000070f400000, 0x000000070f600000|  0%| F|  |TAMS 0x000000070f400000| PB 0x000000070f400000| Untracked 
| 104|0x000000070f600000, 0x000000070f600000, 0x000000070f800000|  0%| F|  |TAMS 0x000000070f600000| PB 0x000000070f600000| Untracked 
| 105|0x000000070f800000, 0x000000070f800000, 0x000000070fa00000|  0%| F|  |TAMS 0x000000070f800000| PB 0x000000070f800000| Untracked 
| 106|0x000000070fa00000, 0x000000070fa00000, 0x000000070fc00000|  0%| F|  |TAMS 0x000000070fa00000| PB 0x000000070fa00000| Untracked 
| 107|0x000000070fc00000, 0x000000070fc00000, 0x000000070fe00000|  0%| F|  |TAMS 0x000000070fc00000| PB 0x000000070fc00000| Untracked 
| 108|0x000000070fe00000, 0x000000070fe00000, 0x0000000710000000|  0%| F|  |TAMS 0x000000070fe00000| PB 0x000000070fe00000| Untracked 
| 109|0x0000000710000000, 0x0000000710000000, 0x0000000710200000|  0%| F|  |TAMS 0x0000000710000000| PB 0x0000000710000000| Untracked 
| 110|0x0000000710200000, 0x0000000710200000, 0x0000000710400000|  0%| F|  |TAMS 0x0000000710200000| PB 0x0000000710200000| Untracked 
| 111|0x0000000710400000, 0x0000000710400000, 0x0000000710600000|  0%| F|  |TAMS 0x0000000710400000| PB 0x0000000710400000| Untracked 
| 112|0x0000000710600000, 0x0000000710600000, 0x0000000710800000|  0%| F|  |TAMS 0x0000000710600000| PB 0x0000000710600000| Untracked 
| 113|0x0000000710800000, 0x0000000710800000, 0x0000000710a00000|  0%| F|  |TAMS 0x0000000710800000| PB 0x0000000710800000| Untracked 
| 114|0x0000000710a00000, 0x0000000710a00000, 0x0000000710c00000|  0%| F|  |TAMS 0x0000000710a00000| PB 0x0000000710a00000| Untracked 
| 115|0x0000000710c00000, 0x0000000710c00000, 0x0000000710e00000|  0%| F|  |TAMS 0x0000000710c00000| PB 0x0000000710c00000| Untracked 
| 116|0x0000000710e00000, 0x0000000710e00000, 0x0000000711000000|  0%| F|  |TAMS 0x0000000710e00000| PB 0x0000000710e00000| Untracked 
| 117|0x0000000711000000, 0x0000000711000000, 0x0000000711200000|  0%| F|  |TAMS 0x0000000711000000| PB 0x0000000711000000| Untracked 
| 118|0x0000000711200000, 0x0000000711200000, 0x0000000711400000|  0%| F|  |TAMS 0x0000000711200000| PB 0x0000000711200000| Untracked 
| 119|0x0000000711400000, 0x0000000711400000, 0x0000000711600000|  0%| F|  |TAMS 0x0000000711400000| PB 0x0000000711400000| Untracked 
| 120|0x0000000711600000, 0x0000000711600000, 0x0000000711800000|  0%| F|  |TAMS 0x0000000711600000| PB 0x0000000711600000| Untracked 
| 121|0x0000000711800000, 0x0000000711800000, 0x0000000711a00000|  0%| F|  |TAMS 0x0000000711800000| PB 0x0000000711800000| Untracked 
| 122|0x0000000711a00000, 0x0000000711a00000, 0x0000000711c00000|  0%| F|  |TAMS 0x0000000711a00000| PB 0x0000000711a00000| Untracked 
| 123|0x0000000711c00000, 0x0000000711c00000, 0x0000000711e00000|  0%| F|  |TAMS 0x0000000711c00000| PB 0x0000000711c00000| Untracked 
| 124|0x0000000711e00000, 0x0000000711e00000, 0x0000000712000000|  0%| F|  |TAMS 0x0000000711e00000| PB 0x0000000711e00000| Untracked 
| 125|0x0000000712000000, 0x000000071207b740, 0x0000000712200000| 24%| E|  |TAMS 0x0000000712000000| PB 0x0000000712000000| Complete 
| 126|0x0000000712200000, 0x0000000712400000, 0x0000000712400000|100%| E|CS|TAMS 0x0000000712200000| PB 0x0000000712200000| Complete 

Card table byte_map: [0x00000243de870000,0x00000243df060000] _byte_map_base: 0x00000243db05d000

Marking Bits: (CMBitMap*) 0x00000243cb1cc480
 Bits: [0x00000243df060000, 0x00000243e2fc8000)

Polling page: 0x00000243c92e0000

Metaspace:

Usage:
  Non-class:      7.09 MB used.
      Class:    657.48 KB used.
       Both:      7.73 MB used.

Virtual space:
  Non-class space:       64.00 MB reserved,       7.12 MB ( 11%) committed,  1 nodes.
      Class space:        1.00 GB reserved,     768.00 KB ( <1%) committed,  1 nodes.
             Both:        1.06 GB reserved,       7.88 MB ( <1%) committed. 

Chunk freelists:
   Non-Class:  8.46 MB
       Class:  15.24 MB
        Both:  23.70 MB

MaxMetaspaceSize: unlimited
CompressedClassSpaceSize: 1.00 GB
Initial GC threshold: 21.00 MB
Current GC threshold: 21.00 MB
CDS: off
 - commit_granule_bytes: 65536.
 - commit_granule_words: 8192.
 - virtual_space_node_default_size: 8388608.
 - enlarge_chunks_in_place: 1.
 - use_allocation_guard: 0.


Internal statistics:

num_allocs_failed_limit: 0.
num_arena_births: 10.
num_arena_deaths: 0.
num_vsnodes_births: 2.
num_vsnodes_deaths: 0.
num_space_committed: 126.
num_space_uncommitted: 0.
num_chunks_returned_to_freelist: 0.
num_chunks_taken_from_freelist: 34.
num_chunk_merges: 0.
num_chunk_splits: 15.
num_chunks_enlarged: 8.
num_inconsistent_stats: 0.

CodeHeap 'non-profiled nmethods': size=120000Kb used=57Kb max_used=57Kb free=119942Kb
 bounds [0x00000243d6b50000, 0x00000243d6dc0000, 0x00000243de080000]
CodeHeap 'profiled nmethods': size=120000Kb used=276Kb max_used=276Kb free=119723Kb
 bounds [0x00000243cf080000, 0x00000243cf2f0000, 0x00000243d65b0000]
CodeHeap 'non-nmethods': size=5760Kb used=1303Kb max_used=1315Kb free=4456Kb
 bounds [0x00000243d65b0000, 0x00000243d6820000, 0x00000243d6b50000]
 total_blobs=616 nmethods=199 adapters=322
 compilation: enabled
              stopped_count=0, restarted_count=0
 full_count=0

Compilation events (20 events):
Event: 0.164 Thread 0x00000243e56aea30 nmethod 188 0x00000243cf0c2190 code [0x00000243cf0c2320, 0x00000243cf0c2438]
Event: 0.164 Thread 0x00000243e56aea30  189       1       java.nio.Buffer::limit (5 bytes)
Event: 0.164 Thread 0x00000243e56aea30 nmethod 189 0x00000243d6b5c810 code [0x00000243d6b5c9a0, 0x00000243d6b5ca68]
Event: 0.170 Thread 0x00000243e56aea30  191       1       java.lang.Class::getModule (5 bytes)
Event: 0.170 Thread 0x00000243e56aea30 nmethod 191 0x00000243d6b5d110 code [0x00000243d6b5d2a0, 0x00000243d6b5d370]
Event: 0.170 Thread 0x00000243e56aea30  192       1       java.util.concurrent.locks.AbstractOwnableSynchronizer::setExclusiveOwnerThread (6 bytes)
Event: 0.170 Thread 0x00000243e56aea30 nmethod 192 0x00000243d6b5d410 code [0x00000243d6b5d5a0, 0x00000243d6b5d6b8]
Event: 0.170 Thread 0x00000243e56aea30  194       1       java.util.concurrent.locks.AbstractQueuedSynchronizer::getState (5 bytes)
Event: 0.170 Thread 0x00000243e56aea30 nmethod 194 0x00000243d6b5db10 code [0x00000243d6b5dca0, 0x00000243d6b5dd68]
Event: 0.170 Thread 0x00000243e56aea30  195       1       java.util.concurrent.locks.AbstractOwnableSynchronizer::getExclusiveOwnerThread (5 bytes)
Event: 0.171 Thread 0x00000243e56aea30 nmethod 195 0x00000243d6b5de10 code [0x00000243d6b5dfa0, 0x00000243d6b5e070]
Event: 0.171 Thread 0x00000243e56aea30  196       1       java.util.concurrent.locks.AbstractQueuedSynchronizer::setState (6 bytes)
Event: 0.171 Thread 0x00000243e56aea30 nmethod 196 0x00000243d6b5e110 code [0x00000243d6b5e2a0, 0x00000243d6b5e370]
Event: 0.171 Thread 0x00000243e56aea30  197       3       java.lang.String::checkBoundsOffCount (10 bytes)
Event: 0.171 Thread 0x00000243e56aea30 nmethod 197 0x00000243cf0c2510 code [0x00000243cf0c26c0, 0x00000243cf0c28d0]
Event: 0.171 Thread 0x00000243e56aea30  198       1       java.nio.Buffer::position (5 bytes)
Event: 0.171 Thread 0x00000243e56aea30 nmethod 198 0x00000243d6b5e410 code [0x00000243d6b5e5a0, 0x00000243d6b5e668]
Event: 0.171 Thread 0x00000243e56aea30  199       3       java.lang.String::<init> (99 bytes)
Event: 0.172 Thread 0x00000243e56aea30 nmethod 199 0x00000243cf0c2a10 code [0x00000243cf0c2e00, 0x00000243cf0c48f0]
Event: 0.172 Thread 0x00000243e56aea30  200       3       java.util.concurrent.locks.ReentrantLock::lock (8 bytes)

GC Heap History (0 events):
No events

Dll operation events (2 events):
Event: 0.005 Loaded shared library C:\Program Files\JetBrains\IntelliJ IDEA 2024.2.4\jbr\bin\java.dll
Event: 0.009 Loaded shared library C:\Program Files\JetBrains\IntelliJ IDEA 2024.2.4\jbr\bin\zip.dll

Deoptimization events (0 events):
No events

Classes loaded (20 events):
Event: 0.168 Loading class java/lang/StackTraceElement$HashedModules
Event: 0.168 Loading class java/lang/StackTraceElement$HashedModules done
Event: 0.168 Loading class java/util/Collections$UnmodifiableSet
Event: 0.168 Loading class java/util/Collections$UnmodifiableCollection
Event: 0.169 Loading class java/util/Collections$UnmodifiableCollection done
Event: 0.169 Loading class java/util/Collections$UnmodifiableSet done
Event: 0.169 Loading class java/util/Collections$UnmodifiableCollection$1
Event: 0.169 Loading class java/util/Collections$UnmodifiableCollection$1 done
Event: 0.169 Loading class java/lang/reflect/InvocationTargetException
Event: 0.169 Loading class java/lang/reflect/InvocationTargetException done
Event: 0.169 Loading class java/util/ServiceConfigurationError
Event: 0.169 Loading class java/util/ServiceConfigurationError done
Event: 0.169 Loading class java/lang/SecurityException
Event: 0.169 Loading class java/lang/SecurityException done
Event: 0.169 Loading class java/util/zip/DataFormatException
Event: 0.169 Loading class java/util/zip/DataFormatException done
Event: 0.169 Loading class java/lang/Throwable$WrappedPrintStream
Event: 0.169 Loading class java/lang/Throwable$PrintStreamOrWriter
Event: 0.169 Loading class java/lang/Throwable$PrintStreamOrWriter done
Event: 0.169 Loading class java/lang/Throwable$WrappedPrintStream done

Classes unloaded (0 events):
No events

Classes redefined (0 events):
No events

Internal exceptions (4 events):
Event: 0.168 Thread 0x00000243cb1698e0 Exception <a 'java/lang/UnsatisfiedLinkError'{0x000000071204c1c8}> (0x000000071204c1c8) 
thrown [s\src\hotspot\share\prims\jvm.cpp, line 3423]
Event: 0.168 Thread 0x00000243cb1698e0 Exception <a 'java/lang/UnsatisfiedLinkError'{0x000000071204c1c8}> (0x000000071204c1c8) 
thrown [s\src\hotspot\share\prims\jni.cpp, line 535]
Event: 0.169 Thread 0x00000243cb1698e0 Exception <a 'java/lang/UnsatisfiedLinkError'{0x000000071204c1c8}> (0x000000071204c1c8) 
thrown [s\src\hotspot\share\oops\instanceKlass.cpp, line 1234]
Event: 0.169 Thread 0x00000243cb1698e0 Exception <a 'java/lang/OutOfMemoryError'{0x0000000712051440}> (0x0000000712051440) 
thrown [s\src\hotspot\share\prims\jni.cpp, line 554]

ZGC Phase Switch (0 events):
No events

VM Operations (4 events):
Event: 0.100 Executing VM operation: HandshakeAllThreads (Deoptimize)
Event: 0.100 Executing VM operation: HandshakeAllThreads (Deoptimize) done
Event: 0.109 Executing VM operation: HandshakeAllThreads (Deoptimize)
Event: 0.109 Executing VM operation: HandshakeAllThreads (Deoptimize) done

Memory protections (0 events):
No events

Nmethod flushes (0 events):
No events

Events (16 events):
Event: 0.009 Thread 0x00000243cb1698e0 Thread added: 0x00000243cb1698e0
Event: 0.050 Thread 0x00000243cb1698e0 Thread added: 0x00000243e5654540
Event: 0.050 Thread 0x00000243cb1698e0 Thread added: 0x00000243e5655b10
Event: 0.051 Thread 0x00000243cb1698e0 Thread added: 0x00000243e5690fa0
Event: 0.051 Thread 0x00000243cb1698e0 Thread added: 0x00000243e5691a00
Event: 0.051 Thread 0x00000243cb1698e0 Thread added: 0x00000243e56b7620
Event: 0.051 Thread 0x00000243cb1698e0 Thread added: 0x00000243e568a390
Event: 0.051 Thread 0x00000243cb1698e0 Thread added: 0x00000243e568b4d0
Event: 0.052 Thread 0x00000243cb1698e0 Thread added: 0x00000243e56aea30
Event: 0.077 Thread 0x00000243cb1698e0 Thread added: 0x00000243e5851b60
Event: 0.082 Thread 0x00000243cb1698e0 Thread added: 0x00000243e5869930
Event: 0.088 Loaded shared library C:\Program Files\JetBrains\IntelliJ IDEA 2024.2.4\jbr\bin\net.dll
Event: 0.089 Loaded shared library C:\Program Files\JetBrains\IntelliJ IDEA 2024.2.4\jbr\bin\nio.dll
Event: 0.096 Loaded shared library C:\Program Files\JetBrains\IntelliJ IDEA 2024.2.4\jbr\bin\zip.dll
Event: 0.157 Loaded shared library C:\Program Files\JetBrains\IntelliJ IDEA 2024.2.4\jbr\bin\jimage.dll
Event: 0.168 Loading shared library C:\Program Files\JetBrains\IntelliJ IDEA 2024.2.4\jbr\bin\sunmscapi.dll failed, error code 1114


Dynamic libraries:
0x00007ff76ae80000 - 0x00007ff76ae8a000 	C:\Program Files\JetBrains\IntelliJ IDEA 2024.2.4\jbr\bin\java.exe
0x00007ffeacc10000 - 0x00007ffeace08000 	C:\Windows\SYSTEM32\ntdll.dll
0x00007ffeac1a0000 - 0x00007ffeac262000 	C:\Windows\System32\KERNEL32.DLL
0x00007ffeaa5c0000 - 0x00007ffeaa8b6000 	C:\Windows\System32\KERNELBASE.dll
0x00007ffeaa490000 - 0x00007ffeaa590000 	C:\Windows\System32\ucrtbase.dll
0x00007ffea6f90000 - 0x00007ffea6fab000 	C:\Program Files\JetBrains\IntelliJ IDEA 2024.2.4\jbr\bin\VCRUNTIME140.dll
0x00007ffea4710000 - 0x00007ffea4728000 	C:\Program Files\JetBrains\IntelliJ IDEA 2024.2.4\jbr\bin\jli.dll
0x00007ffeab020000 - 0x00007ffeab1bd000 	C:\Windows\System32\USER32.dll
0x00007ffeaa590000 - 0x00007ffeaa5b2000 	C:\Windows\System32\win32u.dll
0x00007ffe9bd40000 - 0x00007ffe9bfda000 	C:\Windows\WinSxS\amd64_microsoft.windows.common-controls_6595b64144ccf1df_6.0.19041.4355_none_60b8b9eb71f62e16\COMCTL32.dll
0x00007ffeaac20000 - 0x00007ffeaac4b000 	C:\Windows\System32\GDI32.dll
0x00007ffeaab00000 - 0x00007ffeaac1a000 	C:\Windows\System32\gdi32full.dll
0x00007ffeac060000 - 0x00007ffeac0fe000 	C:\Windows\System32\msvcrt.dll
0x00007ffeaa3f0000 - 0x00007ffeaa48d000 	C:\Windows\System32\msvcp_win.dll
0x00007ffeaaf80000 - 0x00007ffeaafaf000 	C:\Windows\System32\IMM32.DLL
0x00007ffea7010000 - 0x00007ffea701c000 	C:\Program Files\JetBrains\IntelliJ IDEA 2024.2.4\jbr\bin\vcruntime140_1.dll
0x00007ffe7d280000 - 0x00007ffe7d30d000 	C:\Program Files\JetBrains\IntelliJ IDEA 2024.2.4\jbr\bin\msvcp140.dll
0x00007ffe69ac0000 - 0x00007ffe6a877000 	C:\Program Files\JetBrains\IntelliJ IDEA 2024.2.4\jbr\bin\server\jvm.dll
0x00007ffeabfa0000 - 0x00007ffeac051000 	C:\Windows\System32\ADVAPI32.dll
0x00007ffeac100000 - 0x00007ffeac19f000 	C:\Windows\System32\sechost.dll
0x00007ffeab1c0000 - 0x00007ffeab2e3000 	C:\Windows\System32\RPCRT4.dll
0x00007ffeaa290000 - 0x00007ffeaa2b7000 	C:\Windows\System32\bcrypt.dll
0x00007ffeab880000 - 0x00007ffeab8eb000 	C:\Windows\System32\WS2_32.dll
0x00007ffea9bf0000 - 0x00007ffea9c3b000 	C:\Windows\SYSTEM32\POWRPROF.dll
0x00007ffe9c160000 - 0x00007ffe9c187000 	C:\Windows\SYSTEM32\WINMM.dll
0x00007ffea4b00000 - 0x00007ffea4b0a000 	C:\Windows\SYSTEM32\VERSION.dll
0x00007ffea9bd0000 - 0x00007ffea9be2000 	C:\Windows\SYSTEM32\UMPDC.dll
0x00007ffea7a70000 - 0x00007ffea7a82000 	C:\Windows\SYSTEM32\kernel.appcore.dll
0x00007ffea6fc0000 - 0x00007ffea6fca000 	C:\Program Files\JetBrains\IntelliJ IDEA 2024.2.4\jbr\bin\jimage.dll
0x00007ffe9c3c0000 - 0x00007ffe9c5a4000 	C:\Windows\SYSTEM32\DBGHELP.DLL
0x00007ffe99050000 - 0x00007ffe99084000 	C:\Windows\SYSTEM32\dbgcore.DLL
0x00007ffeaaa70000 - 0x00007ffeaaaf2000 	C:\Windows\System32\bcryptPrimitives.dll
0x00007ffea49c0000 - 0x00007ffea49df000 	C:\Program Files\JetBrains\IntelliJ IDEA 2024.2.4\jbr\bin\java.dll
0x00007ffea46d0000 - 0x00007ffea46e8000 	C:\Program Files\JetBrains\IntelliJ IDEA 2024.2.4\jbr\bin\zip.dll
0x00007ffeac3a0000 - 0x00007ffeacb0f000 	C:\Windows\System32\SHELL32.dll
0x00007ffea7c70000 - 0x00007ffea8413000 	C:\Windows\SYSTEM32\windows.storage.dll
0x00007ffeab440000 - 0x00007ffeab795000 	C:\Windows\System32\combase.dll
0x00007ffea9c90000 - 0x00007ffea9cbb000 	C:\Windows\SYSTEM32\Wldp.dll
0x00007ffeaacb0000 - 0x00007ffeaad7d000 	C:\Windows\System32\OLEAUT32.dll
0x00007ffeab2f0000 - 0x00007ffeab39d000 	C:\Windows\System32\SHCORE.dll
0x00007ffeacb70000 - 0x00007ffeacbc5000 	C:\Windows\System32\shlwapi.dll
0x00007ffeaa1c0000 - 0x00007ffeaa1e5000 	C:\Windows\SYSTEM32\profapi.dll
0x00007ffea63d0000 - 0x00007ffea63e0000 	C:\Program Files\JetBrains\IntelliJ IDEA 2024.2.4\jbr\bin\net.dll
0x00007ffea2d60000 - 0x00007ffea2e6a000 	C:\Windows\SYSTEM32\WINHTTP.dll
0x00007ffea98f0000 - 0x00007ffea995c000 	C:\Windows\system32\mswsock.dll
0x00007ffea4690000 - 0x00007ffea46a6000 	C:\Program Files\JetBrains\IntelliJ IDEA 2024.2.4\jbr\bin\nio.dll
0x00007ffeaa910000 - 0x00007ffeaaa6c000 	C:\Windows\System32\CRYPT32.dll
0x00007ffea9d30000 - 0x00007ffea9d51000 	C:\Program Files\Common Files\Crypto Pro\AppCompat\cpcrypt.dll

dbghelp: loaded successfully - version: 4.0.5 - missing functions: none
symbol engine: initialized successfully - sym options: 0x614 - pdb path: .;C:\Program Files\JetBrains\IntelliJ IDEA 2024.2.4\jbr\bin;C:\Windows\SYSTEM32;C:\Windows\WinSxS\amd64_microsoft.windows.common-controls_6595b64144ccf1df_6.0.19041.4355_none_60b8b9eb71f62e16;C:\Program Files\JetBrains\IntelliJ IDEA 2024.2.4\jbr\bin\server;C:\Program Files\Common Files\Crypto Pro\AppCompat

VM Arguments:
java_command: git4idea.http.GitAskPassApp Username for 'https://github.com': 
java_class_path (initial): C:/Program Files/JetBrains/IntelliJ IDEA 2024.2.4/plugins/vcs-git/lib/git4idea-rt.jar;C:/Program Files/JetBrains/IntelliJ IDEA 2024.2.4/lib/externalProcess-rt.jar
Launcher Type: SUN_STANDARD

[Global flags]
     intx CICompilerCount                          = 3                                         {product} {ergonomic}
     uint ConcGCThreads                            = 1                                         {product} {ergonomic}
     uint G1ConcRefinementThreads                  = 4                                         {product} {ergonomic}
   size_t G1HeapRegionSize                         = 2097152                                   {product} {ergonomic}
    uintx GCDrainStackTargetSize                   = 64                                        {product} {ergonomic}
   size_t InitialHeapSize                          = 266338304                                 {product} {ergonomic}
   size_t MarkStackSize                            = 4194304                                   {product} {ergonomic}
   size_t MaxHeapSize                              = 4255121408                                {product} {ergonomic}
   size_t MaxNewSize                               = 2552233984                                {product} {ergonomic}
   size_t MinHeapDeltaBytes                        = 2097152                                   {product} {ergonomic}
   size_t MinHeapSize                              = 8388608                                   {product} {ergonomic}
    uintx NonNMethodCodeHeapSize                   = 5832780                                {pd product} {ergonomic}
    uintx NonProfiledCodeHeapSize                  = 122912730                              {pd product} {ergonomic}
    uintx ProfiledCodeHeapSize                     = 122912730                              {pd product} {ergonomic}
    uintx ReservedCodeCacheSize                    = 251658240                              {pd product} {ergonomic}
     bool SegmentedCodeCache                       = true                                      {product} {ergonomic}
   size_t SoftMaxHeapSize                          = 4255121408                             {manageable} {ergonomic}
     bool UseCompressedOops                        = true                           {product lp64_product} {ergonomic}
     bool UseG1GC                                  = true                                      {product} {ergonomic}
     bool UseLargePagesIndividualAllocation        = false                                  {pd product} {ergonomic}

Logging:
Log output configuration:
 #0: stdout all=warning uptime,level,tags foldmultilines=false
 #1: stderr all=off uptime,level,tags foldmultilines=false

Environment Variables:
JAVA_HOME=C:\Java\jdk-23.0.1
PATH=C:\Program Files\Git\mingw64\libexec\git-core;C:\Program Files\Git\mingw64\libexec\git-core;C:\Program Files\Git\mingw64\bin;C:\Program Files\Git\usr\bin;C:\Users\БембетьевА\bin;C:\win32_11gR2_client\win32_11gR2_client\bin;C:\Windows\system32;C:\Windows;C:\Windows\System32\Wbem;C:\Windows\System32\WindowsPowerShell\v1.0;C:\Windows\System32\OpenSSH;C:\Program Files (x86)\EOS\PB10DK;C:\Program Files\dotnet;C:\Java\jdk-23.0.1\bin;C:\Windows\SysWOW64;C:\Program Files (x86)\Common Files\Acronis\SnapAPI;C:\Program Files\Git\cmd;C:\AGORA-SOFT\Justice\Client;C:\Program Files\JetBrains\IntelliJ IDEA Community Edition 2024.2.4\bin;C:\Windows\SysWOW64;C:\Program Files\JetBrains\IntelliJ IDEA 2024.2.4\bin
USERNAME=БембетьевА
DISPLAY=:0.0
LC_ALL=en_US.UTF-8
TERM=xterm-256color
TMPDIR=C:\Users\F66D~1\AppData\Local\Temp
OS=Windows_NT
PROCESSOR_IDENTIFIER=Intel64 Family 6 Model 158 Stepping 11, GenuineIntel
TMP=C:\Users\F66D~1\AppData\Local\Temp
TEMP=C:\Users\F66D~1\AppData\Local\Temp




Periodic native trim disabled

JNI global refs:
JNI global refs: 8, weak refs: 0

JNI global refs memory usage: 835, weak refs: 201

Process memory usage:
Resident Set Size: 40108K (0% of 16620196K total physical memory with 3055124K free physical memory)

OOME stack traces (most recent first):
Classloader memory used:
Loader bootstrap                                                                       : 7864K
Loader jdk.internal.loader.ClassLoaders$PlatformClassLoader                            : 37360B
Loader jdk.internal.loader.ClassLoaders$AppClassLoader                                 : 16400B

---------------  S Y S T E M  ---------------

OS:
 Windows 10 , 64 bit Build 19041 (10.0.19041.5678)
OS uptime: 1 days 0:47 hours

CPU: total 4 (initial active 4) (4 cores per cpu, 1 threads per core) family 6 model 158 stepping 11 microcode 0xb4, cx8, cmov, fxsr, mmx, 3dnowpref, sse, sse2, sse3, ssse3, sse4.1, sse4.2, popcnt, lzcnt, tsc, tscinvbit, avx, avx2, aes, erms, clmul, bmi1, bmi2, adx, fma, vzeroupper, clflush, clflushopt, rdtscp, f16c
Processor Information for all 4 processors :
  Max Mhz: 3600, Current Mhz: 3600, Mhz Limit: 3600

Memory: 4k page, system-wide physical 16230M (2983M free)
TotalPageFile size 18278M (AvailPageFile size 5M)
current process WorkingSet (physical memory assigned to process): 39M, peak: 39M
current process commit charge ("private bytes"): 326M, peak: 327M

vm_info: OpenJDK 64-Bit Server VM (21.0.4+13-b509.26) for windows-amd64 JRE (21.0.4+13-b509.26), built on 2024-09-27 by "builduser" with MS VC++ 16.10 / 16.11 (VS2019)

END.
